## GIT 04: Описание репозитория в README.md
### Измененный README.md

---


# Практический курс GIT

<!-- Курс приватный, не предназначен для публичной публикации. (с) Rebrain -->

![](git1.png "git-logo")

> ***Какой-то восточный автор:***
> Заснувший на пути потеряет или голову, или шапку

В рамках практикума мзучаются теоретические основы систем контроля версиями.
Практические работы выполняются с использованием популярной системой управления версий *Git*.

## План обучения ##
---

Обучение базовым и расширенным возможностям **git** осуществляется согласно плана:
1. Основные возможности **git**
   - Базовая работа с *git*-репозиториями
   - Работа с хостингами *git*-репозиториев
   - Создание тегов для коммитов
   - Описание репозитория в ***README.md***
   - Файл *.gitignore*
   - Создание веток и базовая работа с ними
   - Слияние веток с помощью `merge`
   - Разрешение конфликтов при слиянии

2. Расширенные возможности **git** 
   - Слияние с помощью `rebase`
   - Объединение коммитов с помощью `rebase`
   - Объединение коммитов с помощью `rebase`
   - Перенос коммитов с помощью `cherry-pick`
   - Изменение истории и `force push`
   - Создание `pull requests` в собственный репозиторий
   - Создание `pull requests` в сторонний репозиторий
   - **Git Flow** - схема работы с **Git**

#### График выполнения

| Событие  | Дата |
| :--- | ---: |
| Старт | 6 мая 2022 года |
| Окончание | 10 мая 2022 года |

[Рекомендуемый учебник](https://git-scm.com/book/ru/v2)
