# GIT 05: Файл gitignore

    echo "tmp/" > .gitignore
    cat .gitignore
    mkdir tmp
    ipconfig > tmp/ip.txt
    hostname > tmp/hostname.txt
    
    git status
        On branch master
        Your branch is ahead of 'github/master' by 1 commit.
        (use "git push" to publish your local commits)

        Untracked files:
        (use "git add <file>..." to include in what will be committed)
                .gitignore

        nothing added to commit but untracked files present (use "git add" to track)

    git add -A
        warning: LF will be replaced by CRLF in .gitignore.
        The file will have its original line endings in your working directory

    $ git commit -m "Added .gitingore file. No files from tmp/ directory is added to the repository"
        [master a843e68] Added .gitingore file. No files from tmp/ directory is added to the repository
          1 file changed, 1 insertion(+)
          create mode 100644 .gitignore
    
    git push origin master
        Enumerating objects: 4, done.
        Counting objects: 100% (4/4), done.
        Delta compression using up to 4 threads
        Compressing objects: 100% (2/2), done.
        Writing objects: 100% (3/3), 400 bytes | 200.00 KiB/s, done.
        Total 3 (delta 0), reused 0 (delta 0), pack-reused 0
        To gitlab.rebrainme.com:devops_users_repos/1168/rebrain-devops-task1.git
          b1943a8..a843e68  master -> master
